<?xml version="1.0" encoding="UTF-8"?>
<!-- Generated by org.testng.reporters.JUnitXMLReporter -->
<testsuite ignored="0" hostname="leverzein.me" failures="2" tests="2" name="Command line test" time="4.096" errors="0" timestamp="11 Sep 2018 14:33:30 GMT">
  <testcase classname="ZeinsTest" name="urlTest" time="3.874">
    <failure type="java.lang.AssertionError" message="expected [true] but found [false]">
      <![CDATA[java.lang.AssertionError: expected [true] but found [false]
at ZeinsTest.urlTest(ZeinsTest.java:21)
... Removed 38 stack frames]]>
    </failure>
  </testcase> <!-- urlTest -->
  <testcase classname="ZeinsTest" name="urlTestFails" time="0.178">
    <failure type="org.openqa.selenium.SessionNotCreatedException" message="Unable to create new service: GeckoDriverService
Build info: version: &amp;apos;3.14.0&amp;apos;, revision: &amp;apos;aacccce0&amp;apos;, time: &amp;apos;2018-08-02T20:13:22.693Z&amp;apos;
System info: host: &amp;apos;leverzein.me&amp;apos;, ip: &amp;apos;fe80:0:0:0:1083:4ab4:686e:afa3%en0&amp;apos;, os.name: &amp;apos;Mac OS X&amp;apos;, os.arch: &amp;apos;x86_64&amp;apos;, os.version: &amp;apos;10.13.6&amp;apos;, java.version: &amp;apos;9.0.4&amp;apos;
Driver info: driver.version: unknown
Command duration or timeout: 132 milliseconds">
      <![CDATA[org.openqa.selenium.SessionNotCreatedException: Unable to create new service: GeckoDriverService
Build info: version: '3.14.0', revision: 'aacccce0', time: '2018-08-02T20:13:22.693Z'
System info: host: 'leverzein.me', ip: 'fe80:0:0:0:1083:4ab4:686e:afa3%en0', os.name: 'Mac OS X', os.arch: 'x86_64', os.version: '10.13.6', java.version: '9.0.4'
Driver info: driver.version: unknown
Command duration or timeout: 132 milliseconds
at org.openqa.selenium.remote.ErrorHandler.createThrowable(ErrorHandler.java:214)
at org.openqa.selenium.remote.ErrorHandler.throwIfResponseFailed(ErrorHandler.java:166)
at org.openqa.selenium.remote.JsonWireProtocolResponse.lambda$new$0(JsonWireProtocolResponse.java:53)
at org.openqa.selenium.remote.JsonWireProtocolResponse.lambda$getResponseFunction$2(JsonWireProtocolResponse.java:91)
at org.openqa.selenium.remote.ProtocolHandshake.lambda$createSession$0(ProtocolHandshake.java:122)
at java.base/java.util.stream.ReferencePipeline$3$1.accept(ReferencePipeline.java:195)
at java.base/java.util.Spliterators$ArraySpliterator.tryAdvance(Spliterators.java:958)
at java.base/java.util.stream.ReferencePipeline.forEachWithCancel(ReferencePipeline.java:127)
at java.base/java.util.stream.AbstractPipeline.copyIntoWithCancel(AbstractPipeline.java:502)
at java.base/java.util.stream.AbstractPipeline.copyInto(AbstractPipeline.java:488)
at java.base/java.util.stream.AbstractPipeline.wrapAndCopyInto(AbstractPipeline.java:474)
at java.base/java.util.stream.FindOps$FindOp.evaluateSequential(FindOps.java:152)
at java.base/java.util.stream.AbstractPipeline.evaluate(AbstractPipeline.java:234)
at java.base/java.util.stream.ReferencePipeline.findFirst(ReferencePipeline.java:476)
at org.openqa.selenium.remote.ProtocolHandshake.createSession(ProtocolHandshake.java:125)
at org.openqa.selenium.remote.ProtocolHandshake.createSession(ProtocolHandshake.java:73)
at org.openqa.selenium.remote.HttpCommandExecutor.execute(HttpCommandExecutor.java:136)
at org.openqa.selenium.remote.RemoteWebDriver.execute(RemoteWebDriver.java:548)
at org.openqa.selenium.remote.RemoteWebDriver.startSession(RemoteWebDriver.java:212)
at org.openqa.selenium.remote.RemoteWebDriver.<init>(RemoteWebDriver.java:130)
at org.openqa.selenium.remote.RemoteWebDriver.<init>(RemoteWebDriver.java:143)
at ZeinsTest.urlTestFails(ZeinsTest.java:30)
Caused by: org.openqa.selenium.SessionNotCreatedException: Unable to create new service: GeckoDriverService
Build info: version: '3.14.0', revision: 'aacccce0', time: '2018-08-02T20:13:22.693Z'
System info: host: 'leverzein.me', ip: 'fe80:0:0:0:1083:4ab4:686e:afa3%en0', os.name: 'Mac OS X', os.arch: 'x86_64', os.version: '10.13.6', java.version: '9.0.4'
Driver info: driver.version: unknown
Build info: version: '3.14.0', revision: 'aacccce0', time: '2018-08-02T20:19:58.91Z'
System info: host: 'leverzein.me', ip: 'fe80:0:0:0:1083:4ab4:686e:afa3%en0', os.name: 'Mac OS X', os.arch: 'x86_64', os.version: '10.13.6', java.version: '9.0.4'
Driver info: driver.version: unknown
at org.openqa.selenium.remote.server.ServicedSession$Factory.lambda$get$0(ServicedSession.java:134)
at org.openqa.selenium.remote.server.ServicedSession$Factory.apply(ServicedSession.java:151)
at org.openqa.selenium.remote.server.ActiveSessionFactory.lambda$apply$12(ActiveSessionFactory.java:177)
at java.util.stream.ReferencePipeline$3$1.accept(ReferencePipeline.java:195)
at java.util.stream.ReferencePipeline$11$1.accept(ReferencePipeline.java:375)
at java.util.stream.ReferencePipeline$2$1.accept(ReferencePipeline.java:177)
at java.util.Spliterators$ArraySpliterator.tryAdvance(Spliterators.java:958)
at java.util.stream.ReferencePipeline.forEachWithCancel(ReferencePipeline.java:127)
at java.util.stream.AbstractPipeline.copyIntoWithCancel(AbstractPipeline.java:502)
at java.util.stream.AbstractPipeline.copyInto(AbstractPipeline.java:488)
at java.util.stream.AbstractPipeline.wrapAndCopyInto(AbstractPipeline.java:474)
at java.util.stream.FindOps$FindOp.evaluateSequential(FindOps.java:152)
at java.util.stream.AbstractPipeline.evaluate(AbstractPipeline.java:234)
at java.util.stream.ReferencePipeline.findFirst(ReferencePipeline.java:476)
at org.openqa.selenium.remote.server.ActiveSessionFactory.apply(ActiveSessionFactory.java:180)
at org.openqa.selenium.remote.server.NewSessionPipeline.lambda$null$2(NewSessionPipeline.java:65)
at java.util.stream.ReferencePipeline$3$1.accept(ReferencePipeline.java:195)
at java.util.stream.ReferencePipeline$2$1.accept(ReferencePipeline.java:177)
at java.util.Collections$2.tryAdvance(Collections.java:4734)
at java.util.stream.ReferencePipeline.forEachWithCancel(ReferencePipeline.java:127)
at java.util.stream.AbstractPipeline.copyIntoWithCancel(AbstractPipeline.java:502)
at java.util.stream.AbstractPipeline.copyInto(AbstractPipeline.java:488)
at java.util.stream.AbstractPipeline.wrapAndCopyInto(AbstractPipeline.java:474)
at java.util.stream.FindOps$FindOp.evaluateSequential(FindOps.java:152)
at java.util.stream.AbstractPipeline.evaluate(AbstractPipeline.java:234)
at java.util.stream.ReferencePipeline.findFirst(ReferencePipeline.java:476)
at org.openqa.selenium.remote.server.NewSessionPipeline.lambda$createNewSession$3(NewSessionPipeline.java:68)
at java.util.stream.ReferencePipeline$3$1.accept(ReferencePipeline.java:195)
at java.util.stream.ReferencePipeline$3$1.accept(ReferencePipeline.java:195)
at java.util.stream.ReferencePipeline$3$1.accept(ReferencePipeline.java:195)
at java.util.stream.DistinctOps$1$2.accept(DistinctOps.java:175)
at java.util.stream.ReferencePipeline$2$1.accept(ReferencePipeline.java:177)
at java.util.stream.ReferencePipeline$3$1.accept(ReferencePipeline.java:195)
at java.util.stream.ReferencePipeline$2$1.accept(ReferencePipeline.java:177)
at java.util.stream.Streams$StreamBuilderImpl.tryAdvance(Streams.java:397)
at java.util.stream.Streams$ConcatSpliterator.tryAdvance(Streams.java:720)
at java.util.stream.ReferencePipeline.forEachWithCancel(ReferencePipeline.java:127)
at java.util.stream.AbstractPipeline.copyIntoWithCancel(AbstractPipeline.java:502)
at java.util.stream.AbstractPipeline.copyInto(AbstractPipeline.java:488)
at java.util.stream.AbstractPipeline.wrapAndCopyInto(AbstractPipeline.java:474)
at java.util.stream.FindOps$FindOp.evaluateSequential(FindOps.java:152)
at java.util.stream.AbstractPipeline.evaluate(AbstractPipeline.java:234)
at java.util.stream.ReferencePipeline.findFirst(ReferencePipeline.java:476)
at org.openqa.selenium.remote.server.NewSessionPipeline.createNewSession(NewSessionPipeline.java:71)
at org.openqa.selenium.remote.server.commandhandler.BeginSession.execute(BeginSession.java:65)
at org.openqa.selenium.remote.server.WebDriverServlet.lambda$handle$3(WebDriverServlet.java:250)
at java.util.concurrent.Executors$RunnableAdapter.call(Executors.java:514)
at java.util.concurrent.FutureTask.run(FutureTask.java:264)
at java.util.concurrent.ThreadPoolExecutor.runWorker(ThreadPoolExecutor.java:1167)
at java.util.concurrent.ThreadPoolExecutor$Worker.run(ThreadPoolExecutor.java:641)
at java.lang.Thread.run(Thread.java:844)
... Removed 38 stack frames]]>
    </failure>
  </testcase> <!-- urlTestFails -->
</testsuite> <!-- Command line test -->
